ARM GAS  /tmp/ccGiOYCX.s 			page 1


   1              		.cpu cortex-m4
   2              		.eabi_attribute 27, 1
   3              		.eabi_attribute 28, 1
   4              		.eabi_attribute 20, 1
   5              		.eabi_attribute 21, 1
   6              		.eabi_attribute 23, 3
   7              		.eabi_attribute 24, 1
   8              		.eabi_attribute 25, 1
   9              		.eabi_attribute 26, 1
  10              		.eabi_attribute 30, 6
  11              		.eabi_attribute 34, 1
  12              		.eabi_attribute 18, 4
  13              		.file	"system_stm32f4xx.c"
  14              		.text
  15              	.Ltext0:
  16              		.cfi_sections	.debug_frame
  17              		.global	SystemCoreClock
  18              		.section	.data.SystemCoreClock,"aw"
  19              		.align	2
  22              	SystemCoreClock:
  23 0000 0024F400 		.word	16000000
  24              		.global	AHBPrescTable
  25              		.section	.rodata.AHBPrescTable,"a"
  26              		.align	2
  29              	AHBPrescTable:
  30 0000 00000000 		.ascii	"\000\000\000\000\000\000\000\000\001\002\003\004\006"
  30      00000000 
  30      01020304 
  30      06
  31 000d 070809   		.ascii	"\007\010\011"
  32              		.global	APBPrescTable
  33              		.section	.rodata.APBPrescTable,"a"
  34              		.align	2
  37              	APBPrescTable:
  38 0000 00000000 		.ascii	"\000\000\000\000\001\002\003\004"
  38      01020304 
  39              		.section	.text.SystemInit,"ax",%progbits
  40              		.align	1
  41              		.global	SystemInit
  42              		.arch armv7e-m
  43              		.syntax unified
  44              		.thumb
  45              		.thumb_func
  46              		.fpu fpv4-sp-d16
  48              	SystemInit:
  49              	.LFB130:
  50              		.file 1 "Src/system_stm32f4xx.c"
   1:Src/system_stm32f4xx.c **** /**
   2:Src/system_stm32f4xx.c ****   ******************************************************************************
   3:Src/system_stm32f4xx.c ****   * @file    system_stm32f4xx.c
   4:Src/system_stm32f4xx.c ****   * @author  MCD Application Team
   5:Src/system_stm32f4xx.c ****   * @brief   CMSIS Cortex-M4 Device Peripheral Access Layer System Source File.
   6:Src/system_stm32f4xx.c ****   *
   7:Src/system_stm32f4xx.c ****   *   This file provides two functions and one global variable to be called from 
   8:Src/system_stm32f4xx.c ****   *   user application:
   9:Src/system_stm32f4xx.c ****   *      - SystemInit(): This function is called at startup just after reset and 
  10:Src/system_stm32f4xx.c ****   *                      before branch to main program. This call is made inside
ARM GAS  /tmp/ccGiOYCX.s 			page 2


  11:Src/system_stm32f4xx.c ****   *                      the "startup_stm32f4xx.s" file.
  12:Src/system_stm32f4xx.c ****   *
  13:Src/system_stm32f4xx.c ****   *      - SystemCoreClock variable: Contains the core clock (HCLK), it can be used
  14:Src/system_stm32f4xx.c ****   *                                  by the user application to setup the SysTick 
  15:Src/system_stm32f4xx.c ****   *                                  timer or configure other parameters.
  16:Src/system_stm32f4xx.c ****   *                                     
  17:Src/system_stm32f4xx.c ****   *      - SystemCoreClockUpdate(): Updates the variable SystemCoreClock and must
  18:Src/system_stm32f4xx.c ****   *                                 be called whenever the core clock is changed
  19:Src/system_stm32f4xx.c ****   *                                 during program execution.
  20:Src/system_stm32f4xx.c ****   *
  21:Src/system_stm32f4xx.c ****   *
  22:Src/system_stm32f4xx.c ****   ******************************************************************************
  23:Src/system_stm32f4xx.c ****   * @attention
  24:Src/system_stm32f4xx.c ****   *
  25:Src/system_stm32f4xx.c ****   * <h2><center>&copy; Copyright (c) 2017 STMicroelectronics.
  26:Src/system_stm32f4xx.c ****   * All rights reserved.</center></h2>
  27:Src/system_stm32f4xx.c ****   *
  28:Src/system_stm32f4xx.c ****   * This software component is licensed by ST under BSD 3-Clause license,
  29:Src/system_stm32f4xx.c ****   * the "License"; You may not use this file except in compliance with the
  30:Src/system_stm32f4xx.c ****   * License. You may obtain a copy of the License at:
  31:Src/system_stm32f4xx.c ****   *                        opensource.org/licenses/BSD-3-Clause
  32:Src/system_stm32f4xx.c ****   *
  33:Src/system_stm32f4xx.c ****   ******************************************************************************
  34:Src/system_stm32f4xx.c ****   */
  35:Src/system_stm32f4xx.c **** 
  36:Src/system_stm32f4xx.c **** /** @addtogroup CMSIS
  37:Src/system_stm32f4xx.c ****   * @{
  38:Src/system_stm32f4xx.c ****   */
  39:Src/system_stm32f4xx.c **** 
  40:Src/system_stm32f4xx.c **** /** @addtogroup stm32f4xx_system
  41:Src/system_stm32f4xx.c ****   * @{
  42:Src/system_stm32f4xx.c ****   */  
  43:Src/system_stm32f4xx.c ****   
  44:Src/system_stm32f4xx.c **** /** @addtogroup STM32F4xx_System_Private_Includes
  45:Src/system_stm32f4xx.c ****   * @{
  46:Src/system_stm32f4xx.c ****   */
  47:Src/system_stm32f4xx.c **** 
  48:Src/system_stm32f4xx.c **** 
  49:Src/system_stm32f4xx.c **** #include "stm32f4xx.h"
  50:Src/system_stm32f4xx.c **** 
  51:Src/system_stm32f4xx.c **** #if !defined  (HSE_VALUE) 
  52:Src/system_stm32f4xx.c ****   #define HSE_VALUE    ((uint32_t)25000000) /*!< Default value of the External oscillator in Hz */
  53:Src/system_stm32f4xx.c **** #endif /* HSE_VALUE */
  54:Src/system_stm32f4xx.c **** 
  55:Src/system_stm32f4xx.c **** #if !defined  (HSI_VALUE)
  56:Src/system_stm32f4xx.c ****   #define HSI_VALUE    ((uint32_t)16000000) /*!< Value of the Internal oscillator in Hz*/
  57:Src/system_stm32f4xx.c **** #endif /* HSI_VALUE */
  58:Src/system_stm32f4xx.c **** 
  59:Src/system_stm32f4xx.c **** /**
  60:Src/system_stm32f4xx.c ****   * @}
  61:Src/system_stm32f4xx.c ****   */
  62:Src/system_stm32f4xx.c **** 
  63:Src/system_stm32f4xx.c **** /** @addtogroup STM32F4xx_System_Private_TypesDefinitions
  64:Src/system_stm32f4xx.c ****   * @{
  65:Src/system_stm32f4xx.c ****   */
  66:Src/system_stm32f4xx.c **** 
  67:Src/system_stm32f4xx.c **** /**
ARM GAS  /tmp/ccGiOYCX.s 			page 3


  68:Src/system_stm32f4xx.c ****   * @}
  69:Src/system_stm32f4xx.c ****   */
  70:Src/system_stm32f4xx.c **** 
  71:Src/system_stm32f4xx.c **** /** @addtogroup STM32F4xx_System_Private_Defines
  72:Src/system_stm32f4xx.c ****   * @{
  73:Src/system_stm32f4xx.c ****   */
  74:Src/system_stm32f4xx.c **** 
  75:Src/system_stm32f4xx.c **** /************************* Miscellaneous Configuration ************************/
  76:Src/system_stm32f4xx.c **** /*!< Uncomment the following line if you need to use external SRAM or SDRAM as data memory  */
  77:Src/system_stm32f4xx.c **** #if defined(STM32F405xx) || defined(STM32F415xx) || defined(STM32F407xx) || defined(STM32F417xx)\
  78:Src/system_stm32f4xx.c ****  || defined(STM32F427xx) || defined(STM32F437xx) || defined(STM32F429xx) || defined(STM32F439xx)\
  79:Src/system_stm32f4xx.c ****  || defined(STM32F469xx) || defined(STM32F479xx) || defined(STM32F412Zx) || defined(STM32F412Vx)
  80:Src/system_stm32f4xx.c **** /* #define DATA_IN_ExtSRAM */
  81:Src/system_stm32f4xx.c **** #endif /* STM32F40xxx || STM32F41xxx || STM32F42xxx || STM32F43xxx || STM32F469xx || STM32F479xx ||
  82:Src/system_stm32f4xx.c ****           STM32F412Zx || STM32F412Vx */
  83:Src/system_stm32f4xx.c ****  
  84:Src/system_stm32f4xx.c **** #if defined(STM32F427xx) || defined(STM32F437xx) || defined(STM32F429xx) || defined(STM32F439xx)\
  85:Src/system_stm32f4xx.c ****  || defined(STM32F446xx) || defined(STM32F469xx) || defined(STM32F479xx)
  86:Src/system_stm32f4xx.c **** /* #define DATA_IN_ExtSDRAM */
  87:Src/system_stm32f4xx.c **** #endif /* STM32F427xx || STM32F437xx || STM32F429xx || STM32F439xx || STM32F446xx || STM32F469xx ||
  88:Src/system_stm32f4xx.c ****           STM32F479xx */
  89:Src/system_stm32f4xx.c **** 
  90:Src/system_stm32f4xx.c **** /*!< Uncomment the following line if you need to relocate your vector Table in
  91:Src/system_stm32f4xx.c ****      Internal SRAM. */
  92:Src/system_stm32f4xx.c **** /* #define VECT_TAB_SRAM */
  93:Src/system_stm32f4xx.c **** #define VECT_TAB_OFFSET  0x00 /*!< Vector Table base offset field. 
  94:Src/system_stm32f4xx.c ****                                    This value must be a multiple of 0x200. */
  95:Src/system_stm32f4xx.c **** /******************************************************************************/
  96:Src/system_stm32f4xx.c **** 
  97:Src/system_stm32f4xx.c **** /**
  98:Src/system_stm32f4xx.c ****   * @}
  99:Src/system_stm32f4xx.c ****   */
 100:Src/system_stm32f4xx.c **** 
 101:Src/system_stm32f4xx.c **** /** @addtogroup STM32F4xx_System_Private_Macros
 102:Src/system_stm32f4xx.c ****   * @{
 103:Src/system_stm32f4xx.c ****   */
 104:Src/system_stm32f4xx.c **** 
 105:Src/system_stm32f4xx.c **** /**
 106:Src/system_stm32f4xx.c ****   * @}
 107:Src/system_stm32f4xx.c ****   */
 108:Src/system_stm32f4xx.c **** 
 109:Src/system_stm32f4xx.c **** /** @addtogroup STM32F4xx_System_Private_Variables
 110:Src/system_stm32f4xx.c ****   * @{
 111:Src/system_stm32f4xx.c ****   */
 112:Src/system_stm32f4xx.c ****   /* This variable is updated in three ways:
 113:Src/system_stm32f4xx.c ****       1) by calling CMSIS function SystemCoreClockUpdate()
 114:Src/system_stm32f4xx.c ****       2) by calling HAL API function HAL_RCC_GetHCLKFreq()
 115:Src/system_stm32f4xx.c ****       3) each time HAL_RCC_ClockConfig() is called to configure the system clock frequency 
 116:Src/system_stm32f4xx.c ****          Note: If you use this function to configure the system clock; then there
 117:Src/system_stm32f4xx.c ****                is no need to call the 2 first functions listed above, since SystemCoreClock
 118:Src/system_stm32f4xx.c ****                variable is updated automatically.
 119:Src/system_stm32f4xx.c ****   */
 120:Src/system_stm32f4xx.c **** uint32_t SystemCoreClock = 16000000;
 121:Src/system_stm32f4xx.c **** const uint8_t AHBPrescTable[16] = {0, 0, 0, 0, 0, 0, 0, 0, 1, 2, 3, 4, 6, 7, 8, 9};
 122:Src/system_stm32f4xx.c **** const uint8_t APBPrescTable[8]  = {0, 0, 0, 0, 1, 2, 3, 4};
 123:Src/system_stm32f4xx.c **** /**
 124:Src/system_stm32f4xx.c ****   * @}
ARM GAS  /tmp/ccGiOYCX.s 			page 4


 125:Src/system_stm32f4xx.c ****   */
 126:Src/system_stm32f4xx.c **** 
 127:Src/system_stm32f4xx.c **** /** @addtogroup STM32F4xx_System_Private_FunctionPrototypes
 128:Src/system_stm32f4xx.c ****   * @{
 129:Src/system_stm32f4xx.c ****   */
 130:Src/system_stm32f4xx.c **** 
 131:Src/system_stm32f4xx.c **** #if defined (DATA_IN_ExtSRAM) || defined (DATA_IN_ExtSDRAM)
 132:Src/system_stm32f4xx.c ****   static void SystemInit_ExtMemCtl(void); 
 133:Src/system_stm32f4xx.c **** #endif /* DATA_IN_ExtSRAM || DATA_IN_ExtSDRAM */
 134:Src/system_stm32f4xx.c **** 
 135:Src/system_stm32f4xx.c **** /**
 136:Src/system_stm32f4xx.c ****   * @}
 137:Src/system_stm32f4xx.c ****   */
 138:Src/system_stm32f4xx.c **** 
 139:Src/system_stm32f4xx.c **** /** @addtogroup STM32F4xx_System_Private_Functions
 140:Src/system_stm32f4xx.c ****   * @{
 141:Src/system_stm32f4xx.c ****   */
 142:Src/system_stm32f4xx.c **** 
 143:Src/system_stm32f4xx.c **** /**
 144:Src/system_stm32f4xx.c ****   * @brief  Setup the microcontroller system
 145:Src/system_stm32f4xx.c ****   *         Initialize the FPU setting, vector table location and External memory 
 146:Src/system_stm32f4xx.c ****   *         configuration.
 147:Src/system_stm32f4xx.c ****   * @param  None
 148:Src/system_stm32f4xx.c ****   * @retval None
 149:Src/system_stm32f4xx.c ****   */
 150:Src/system_stm32f4xx.c **** void SystemInit(void)
 151:Src/system_stm32f4xx.c **** {
  51              		.loc 1 151 1
  52              		.cfi_startproc
  53              		@ args = 0, pretend = 0, frame = 0
  54              		@ frame_needed = 1, uses_anonymous_args = 0
  55              		@ link register save eliminated.
  56 0000 80B4     		push	{r7}
  57              	.LCFI0:
  58              		.cfi_def_cfa_offset 4
  59              		.cfi_offset 7, -4
  60 0002 00AF     		add	r7, sp, #0
  61              	.LCFI1:
  62              		.cfi_def_cfa_register 7
 152:Src/system_stm32f4xx.c ****   /* FPU settings ------------------------------------------------------------*/
 153:Src/system_stm32f4xx.c ****   #if (__FPU_PRESENT == 1) && (__FPU_USED == 1)
 154:Src/system_stm32f4xx.c ****     SCB->CPACR |= ((3UL << 10*2)|(3UL << 11*2));  /* set CP10 and CP11 Full Access */
  63              		.loc 1 154 16
  64 0004 084B     		ldr	r3, .L2
  65 0006 D3F88830 		ldr	r3, [r3, #136]
  66 000a 074A     		ldr	r2, .L2
  67 000c 43F47003 		orr	r3, r3, #15728640
  68 0010 C2F88830 		str	r3, [r2, #136]
 155:Src/system_stm32f4xx.c ****   #endif
 156:Src/system_stm32f4xx.c **** 
 157:Src/system_stm32f4xx.c **** #if defined (DATA_IN_ExtSRAM) || defined (DATA_IN_ExtSDRAM)
 158:Src/system_stm32f4xx.c ****   SystemInit_ExtMemCtl(); 
 159:Src/system_stm32f4xx.c **** #endif /* DATA_IN_ExtSRAM || DATA_IN_ExtSDRAM */
 160:Src/system_stm32f4xx.c **** 
 161:Src/system_stm32f4xx.c ****   /* Configure the Vector Table location add offset address ------------------*/
 162:Src/system_stm32f4xx.c **** #ifdef VECT_TAB_SRAM
 163:Src/system_stm32f4xx.c ****   SCB->VTOR = SRAM_BASE | VECT_TAB_OFFSET; /* Vector Table Relocation in Internal SRAM */
ARM GAS  /tmp/ccGiOYCX.s 			page 5


 164:Src/system_stm32f4xx.c **** #else
 165:Src/system_stm32f4xx.c ****   SCB->VTOR = FLASH_BASE | VECT_TAB_OFFSET; /* Vector Table Relocation in Internal FLASH */
  69              		.loc 1 165 6
  70 0014 044B     		ldr	r3, .L2
  71              		.loc 1 165 13
  72 0016 4FF00062 		mov	r2, #134217728
  73 001a 9A60     		str	r2, [r3, #8]
 166:Src/system_stm32f4xx.c **** #endif
 167:Src/system_stm32f4xx.c **** }
  74              		.loc 1 167 1
  75 001c 00BF     		nop
  76 001e BD46     		mov	sp, r7
  77              	.LCFI2:
  78              		.cfi_def_cfa_register 13
  79              		@ sp needed
  80 0020 5DF8047B 		ldr	r7, [sp], #4
  81              	.LCFI3:
  82              		.cfi_restore 7
  83              		.cfi_def_cfa_offset 0
  84 0024 7047     		bx	lr
  85              	.L3:
  86 0026 00BF     		.align	2
  87              	.L2:
  88 0028 00ED00E0 		.word	-536810240
  89              		.cfi_endproc
  90              	.LFE130:
  92              		.section	.text.SystemCoreClockUpdate,"ax",%progbits
  93              		.align	1
  94              		.global	SystemCoreClockUpdate
  95              		.syntax unified
  96              		.thumb
  97              		.thumb_func
  98              		.fpu fpv4-sp-d16
 100              	SystemCoreClockUpdate:
 101              	.LFB131:
 168:Src/system_stm32f4xx.c **** 
 169:Src/system_stm32f4xx.c **** /**
 170:Src/system_stm32f4xx.c ****    * @brief  Update SystemCoreClock variable according to Clock Register Values.
 171:Src/system_stm32f4xx.c ****   *         The SystemCoreClock variable contains the core clock (HCLK), it can
 172:Src/system_stm32f4xx.c ****   *         be used by the user application to setup the SysTick timer or configure
 173:Src/system_stm32f4xx.c ****   *         other parameters.
 174:Src/system_stm32f4xx.c ****   *           
 175:Src/system_stm32f4xx.c ****   * @note   Each time the core clock (HCLK) changes, this function must be called
 176:Src/system_stm32f4xx.c ****   *         to update SystemCoreClock variable value. Otherwise, any configuration
 177:Src/system_stm32f4xx.c ****   *         based on this variable will be incorrect.         
 178:Src/system_stm32f4xx.c ****   *     
 179:Src/system_stm32f4xx.c ****   * @note   - The system frequency computed by this function is not the real 
 180:Src/system_stm32f4xx.c ****   *           frequency in the chip. It is calculated based on the predefined 
 181:Src/system_stm32f4xx.c ****   *           constant and the selected clock source:
 182:Src/system_stm32f4xx.c ****   *             
 183:Src/system_stm32f4xx.c ****   *           - If SYSCLK source is HSI, SystemCoreClock will contain the HSI_VALUE(*)
 184:Src/system_stm32f4xx.c ****   *                                              
 185:Src/system_stm32f4xx.c ****   *           - If SYSCLK source is HSE, SystemCoreClock will contain the HSE_VALUE(**)
 186:Src/system_stm32f4xx.c ****   *                          
 187:Src/system_stm32f4xx.c ****   *           - If SYSCLK source is PLL, SystemCoreClock will contain the HSE_VALUE(**) 
 188:Src/system_stm32f4xx.c ****   *             or HSI_VALUE(*) multiplied/divided by the PLL factors.
 189:Src/system_stm32f4xx.c ****   *         
ARM GAS  /tmp/ccGiOYCX.s 			page 6


 190:Src/system_stm32f4xx.c ****   *         (*) HSI_VALUE is a constant defined in stm32f4xx_hal_conf.h file (default value
 191:Src/system_stm32f4xx.c ****   *             16 MHz) but the real value may vary depending on the variations
 192:Src/system_stm32f4xx.c ****   *             in voltage and temperature.   
 193:Src/system_stm32f4xx.c ****   *    
 194:Src/system_stm32f4xx.c ****   *         (**) HSE_VALUE is a constant defined in stm32f4xx_hal_conf.h file (its value
 195:Src/system_stm32f4xx.c ****   *              depends on the application requirements), user has to ensure that HSE_VALUE
 196:Src/system_stm32f4xx.c ****   *              is same as the real frequency of the crystal used. Otherwise, this function
 197:Src/system_stm32f4xx.c ****   *              may have wrong result.
 198:Src/system_stm32f4xx.c ****   *                
 199:Src/system_stm32f4xx.c ****   *         - The result of this function could be not correct when using fractional
 200:Src/system_stm32f4xx.c ****   *           value for HSE crystal.
 201:Src/system_stm32f4xx.c ****   *     
 202:Src/system_stm32f4xx.c ****   * @param  None
 203:Src/system_stm32f4xx.c ****   * @retval None
 204:Src/system_stm32f4xx.c ****   */
 205:Src/system_stm32f4xx.c **** void SystemCoreClockUpdate(void)
 206:Src/system_stm32f4xx.c **** {
 102              		.loc 1 206 1
 103              		.cfi_startproc
 104              		@ args = 0, pretend = 0, frame = 24
 105              		@ frame_needed = 1, uses_anonymous_args = 0
 106              		@ link register save eliminated.
 107 0000 80B4     		push	{r7}
 108              	.LCFI4:
 109              		.cfi_def_cfa_offset 4
 110              		.cfi_offset 7, -4
 111 0002 87B0     		sub	sp, sp, #28
 112              	.LCFI5:
 113              		.cfi_def_cfa_offset 32
 114 0004 00AF     		add	r7, sp, #0
 115              	.LCFI6:
 116              		.cfi_def_cfa_register 7
 207:Src/system_stm32f4xx.c ****   uint32_t tmp = 0, pllvco = 0, pllp = 2, pllsource = 0, pllm = 2;
 117              		.loc 1 207 12
 118 0006 0023     		movs	r3, #0
 119 0008 3B61     		str	r3, [r7, #16]
 120              		.loc 1 207 21
 121 000a 0023     		movs	r3, #0
 122 000c 7B61     		str	r3, [r7, #20]
 123              		.loc 1 207 33
 124 000e 0223     		movs	r3, #2
 125 0010 FB60     		str	r3, [r7, #12]
 126              		.loc 1 207 43
 127 0012 0023     		movs	r3, #0
 128 0014 BB60     		str	r3, [r7, #8]
 129              		.loc 1 207 58
 130 0016 0223     		movs	r3, #2
 131 0018 7B60     		str	r3, [r7, #4]
 208:Src/system_stm32f4xx.c ****   
 209:Src/system_stm32f4xx.c ****   /* Get SYSCLK source -------------------------------------------------------*/
 210:Src/system_stm32f4xx.c ****   tmp = RCC->CFGR & RCC_CFGR_SWS;
 132              		.loc 1 210 12
 133 001a 344B     		ldr	r3, .L12
 134 001c 9B68     		ldr	r3, [r3, #8]
 135              		.loc 1 210 7
 136 001e 03F00C03 		and	r3, r3, #12
 137 0022 3B61     		str	r3, [r7, #16]
ARM GAS  /tmp/ccGiOYCX.s 			page 7


 211:Src/system_stm32f4xx.c **** 
 212:Src/system_stm32f4xx.c ****   switch (tmp)
 138              		.loc 1 212 3
 139 0024 3B69     		ldr	r3, [r7, #16]
 140 0026 082B     		cmp	r3, #8
 141 0028 11D0     		beq	.L5
 142 002a 3B69     		ldr	r3, [r7, #16]
 143 002c 082B     		cmp	r3, #8
 144 002e 44D8     		bhi	.L6
 145 0030 3B69     		ldr	r3, [r7, #16]
 146 0032 002B     		cmp	r3, #0
 147 0034 03D0     		beq	.L7
 148 0036 3B69     		ldr	r3, [r7, #16]
 149 0038 042B     		cmp	r3, #4
 150 003a 04D0     		beq	.L8
 151 003c 3DE0     		b	.L6
 152              	.L7:
 213:Src/system_stm32f4xx.c ****   {
 214:Src/system_stm32f4xx.c ****     case 0x00:  /* HSI used as system clock source */
 215:Src/system_stm32f4xx.c ****       SystemCoreClock = HSI_VALUE;
 153              		.loc 1 215 23
 154 003e 2C4B     		ldr	r3, .L12+4
 155 0040 2C4A     		ldr	r2, .L12+8
 156 0042 1A60     		str	r2, [r3]
 216:Src/system_stm32f4xx.c ****       break;
 157              		.loc 1 216 7
 158 0044 3DE0     		b	.L9
 159              	.L8:
 217:Src/system_stm32f4xx.c ****     case 0x04:  /* HSE used as system clock source */
 218:Src/system_stm32f4xx.c ****       SystemCoreClock = HSE_VALUE;
 160              		.loc 1 218 23
 161 0046 2A4B     		ldr	r3, .L12+4
 162 0048 2B4A     		ldr	r2, .L12+12
 163 004a 1A60     		str	r2, [r3]
 219:Src/system_stm32f4xx.c ****       break;
 164              		.loc 1 219 7
 165 004c 39E0     		b	.L9
 166              	.L5:
 220:Src/system_stm32f4xx.c ****     case 0x08:  /* PLL used as system clock source */
 221:Src/system_stm32f4xx.c **** 
 222:Src/system_stm32f4xx.c ****       /* PLL_VCO = (HSE_VALUE or HSI_VALUE / PLL_M) * PLL_N
 223:Src/system_stm32f4xx.c ****          SYSCLK = PLL_VCO / PLL_P
 224:Src/system_stm32f4xx.c ****          */    
 225:Src/system_stm32f4xx.c ****       pllsource = (RCC->PLLCFGR & RCC_PLLCFGR_PLLSRC) >> 22;
 167              		.loc 1 225 23
 168 004e 274B     		ldr	r3, .L12
 169 0050 5B68     		ldr	r3, [r3, #4]
 170              		.loc 1 225 55
 171 0052 9B0D     		lsrs	r3, r3, #22
 172              		.loc 1 225 17
 173 0054 03F00103 		and	r3, r3, #1
 174 0058 BB60     		str	r3, [r7, #8]
 226:Src/system_stm32f4xx.c ****       pllm = RCC->PLLCFGR & RCC_PLLCFGR_PLLM;
 175              		.loc 1 226 17
 176 005a 244B     		ldr	r3, .L12
 177 005c 5B68     		ldr	r3, [r3, #4]
 178              		.loc 1 226 12
ARM GAS  /tmp/ccGiOYCX.s 			page 8


 179 005e 03F03F03 		and	r3, r3, #63
 180 0062 7B60     		str	r3, [r7, #4]
 227:Src/system_stm32f4xx.c ****       
 228:Src/system_stm32f4xx.c ****       if (pllsource != 0)
 181              		.loc 1 228 10
 182 0064 BB68     		ldr	r3, [r7, #8]
 183 0066 002B     		cmp	r3, #0
 184 0068 0CD0     		beq	.L10
 229:Src/system_stm32f4xx.c ****       {
 230:Src/system_stm32f4xx.c ****         /* HSE used as PLL clock source */
 231:Src/system_stm32f4xx.c ****         pllvco = (HSE_VALUE / pllm) * ((RCC->PLLCFGR & RCC_PLLCFGR_PLLN) >> 6);
 185              		.loc 1 231 29
 186 006a 234A     		ldr	r2, .L12+12
 187 006c 7B68     		ldr	r3, [r7, #4]
 188 006e B2FBF3F3 		udiv	r3, r2, r3
 189              		.loc 1 231 44
 190 0072 1E4A     		ldr	r2, .L12
 191 0074 5268     		ldr	r2, [r2, #4]
 192              		.loc 1 231 74
 193 0076 9209     		lsrs	r2, r2, #6
 194 0078 C2F30802 		ubfx	r2, r2, #0, #9
 195              		.loc 1 231 16
 196 007c 02FB03F3 		mul	r3, r2, r3
 197 0080 7B61     		str	r3, [r7, #20]
 198 0082 0BE0     		b	.L11
 199              	.L10:
 232:Src/system_stm32f4xx.c ****       }
 233:Src/system_stm32f4xx.c ****       else
 234:Src/system_stm32f4xx.c ****       {
 235:Src/system_stm32f4xx.c ****         /* HSI used as PLL clock source */
 236:Src/system_stm32f4xx.c ****         pllvco = (HSI_VALUE / pllm) * ((RCC->PLLCFGR & RCC_PLLCFGR_PLLN) >> 6);
 200              		.loc 1 236 29
 201 0084 1B4A     		ldr	r2, .L12+8
 202 0086 7B68     		ldr	r3, [r7, #4]
 203 0088 B2FBF3F3 		udiv	r3, r2, r3
 204              		.loc 1 236 44
 205 008c 174A     		ldr	r2, .L12
 206 008e 5268     		ldr	r2, [r2, #4]
 207              		.loc 1 236 74
 208 0090 9209     		lsrs	r2, r2, #6
 209 0092 C2F30802 		ubfx	r2, r2, #0, #9
 210              		.loc 1 236 16
 211 0096 02FB03F3 		mul	r3, r2, r3
 212 009a 7B61     		str	r3, [r7, #20]
 213              	.L11:
 237:Src/system_stm32f4xx.c ****       }
 238:Src/system_stm32f4xx.c **** 
 239:Src/system_stm32f4xx.c ****       pllp = (((RCC->PLLCFGR & RCC_PLLCFGR_PLLP) >>16) + 1 ) *2;
 214              		.loc 1 239 20
 215 009c 134B     		ldr	r3, .L12
 216 009e 5B68     		ldr	r3, [r3, #4]
 217              		.loc 1 239 50
 218 00a0 1B0C     		lsrs	r3, r3, #16
 219 00a2 03F00303 		and	r3, r3, #3
 220              		.loc 1 239 56
 221 00a6 0133     		adds	r3, r3, #1
 222              		.loc 1 239 12
ARM GAS  /tmp/ccGiOYCX.s 			page 9


 223 00a8 5B00     		lsls	r3, r3, #1
 224 00aa FB60     		str	r3, [r7, #12]
 240:Src/system_stm32f4xx.c ****       SystemCoreClock = pllvco/pllp;
 225              		.loc 1 240 31
 226 00ac 7A69     		ldr	r2, [r7, #20]
 227 00ae FB68     		ldr	r3, [r7, #12]
 228 00b0 B2FBF3F3 		udiv	r3, r2, r3
 229              		.loc 1 240 23
 230 00b4 0E4A     		ldr	r2, .L12+4
 231 00b6 1360     		str	r3, [r2]
 241:Src/system_stm32f4xx.c ****       break;
 232              		.loc 1 241 7
 233 00b8 03E0     		b	.L9
 234              	.L6:
 242:Src/system_stm32f4xx.c ****     default:
 243:Src/system_stm32f4xx.c ****       SystemCoreClock = HSI_VALUE;
 235              		.loc 1 243 23
 236 00ba 0D4B     		ldr	r3, .L12+4
 237 00bc 0D4A     		ldr	r2, .L12+8
 238 00be 1A60     		str	r2, [r3]
 244:Src/system_stm32f4xx.c ****       break;
 239              		.loc 1 244 7
 240 00c0 00BF     		nop
 241              	.L9:
 245:Src/system_stm32f4xx.c ****   }
 246:Src/system_stm32f4xx.c ****   /* Compute HCLK frequency --------------------------------------------------*/
 247:Src/system_stm32f4xx.c ****   /* Get HCLK prescaler */
 248:Src/system_stm32f4xx.c ****   tmp = AHBPrescTable[((RCC->CFGR & RCC_CFGR_HPRE) >> 4)];
 242              		.loc 1 248 28
 243 00c2 0A4B     		ldr	r3, .L12
 244 00c4 9B68     		ldr	r3, [r3, #8]
 245              		.loc 1 248 52
 246 00c6 1B09     		lsrs	r3, r3, #4
 247 00c8 03F00F03 		and	r3, r3, #15
 248              		.loc 1 248 22
 249 00cc 0B4A     		ldr	r2, .L12+16
 250 00ce D35C     		ldrb	r3, [r2, r3]	@ zero_extendqisi2
 251              		.loc 1 248 7
 252 00d0 3B61     		str	r3, [r7, #16]
 249:Src/system_stm32f4xx.c ****   /* HCLK frequency */
 250:Src/system_stm32f4xx.c ****   SystemCoreClock >>= tmp;
 253              		.loc 1 250 19
 254 00d2 074B     		ldr	r3, .L12+4
 255 00d4 1A68     		ldr	r2, [r3]
 256 00d6 3B69     		ldr	r3, [r7, #16]
 257 00d8 22FA03F3 		lsr	r3, r2, r3
 258 00dc 044A     		ldr	r2, .L12+4
 259 00de 1360     		str	r3, [r2]
 251:Src/system_stm32f4xx.c **** }
 260              		.loc 1 251 1
 261 00e0 00BF     		nop
 262 00e2 1C37     		adds	r7, r7, #28
 263              	.LCFI7:
 264              		.cfi_def_cfa_offset 4
 265 00e4 BD46     		mov	sp, r7
 266              	.LCFI8:
 267              		.cfi_def_cfa_register 13
ARM GAS  /tmp/ccGiOYCX.s 			page 10


 268              		@ sp needed
 269 00e6 5DF8047B 		ldr	r7, [sp], #4
 270              	.LCFI9:
 271              		.cfi_restore 7
 272              		.cfi_def_cfa_offset 0
 273 00ea 7047     		bx	lr
 274              	.L13:
 275              		.align	2
 276              	.L12:
 277 00ec 00380240 		.word	1073887232
 278 00f0 00000000 		.word	SystemCoreClock
 279 00f4 0024F400 		.word	16000000
 280 00f8 40787D01 		.word	25000000
 281 00fc 00000000 		.word	AHBPrescTable
 282              		.cfi_endproc
 283              	.LFE131:
 285              		.text
 286              	.Letext0:
 287              		.file 2 "/usr/arm-none-eabi/include/machine/_default_types.h"
 288              		.file 3 "/usr/arm-none-eabi/include/sys/_stdint.h"
 289              		.file 4 "Drivers/CMSIS/Include/core_cm4.h"
 290              		.file 5 "Drivers/CMSIS/Device/ST/STM32F4xx/Include/system_stm32f4xx.h"
 291              		.file 6 "Drivers/CMSIS/Device/ST/STM32F4xx/Include/stm32f407xx.h"
 292              		.file 7 "Drivers/STM32F4xx_HAL_Driver/Inc/stm32f4xx_hal.h"
ARM GAS  /tmp/ccGiOYCX.s 			page 11


DEFINED SYMBOLS
                            *ABS*:0000000000000000 system_stm32f4xx.c
     /tmp/ccGiOYCX.s:22     .data.SystemCoreClock:0000000000000000 SystemCoreClock
     /tmp/ccGiOYCX.s:19     .data.SystemCoreClock:0000000000000000 $d
     /tmp/ccGiOYCX.s:29     .rodata.AHBPrescTable:0000000000000000 AHBPrescTable
     /tmp/ccGiOYCX.s:26     .rodata.AHBPrescTable:0000000000000000 $d
     /tmp/ccGiOYCX.s:37     .rodata.APBPrescTable:0000000000000000 APBPrescTable
     /tmp/ccGiOYCX.s:34     .rodata.APBPrescTable:0000000000000000 $d
     /tmp/ccGiOYCX.s:40     .text.SystemInit:0000000000000000 $t
     /tmp/ccGiOYCX.s:48     .text.SystemInit:0000000000000000 SystemInit
     /tmp/ccGiOYCX.s:88     .text.SystemInit:0000000000000028 $d
     /tmp/ccGiOYCX.s:93     .text.SystemCoreClockUpdate:0000000000000000 $t
     /tmp/ccGiOYCX.s:100    .text.SystemCoreClockUpdate:0000000000000000 SystemCoreClockUpdate
     /tmp/ccGiOYCX.s:277    .text.SystemCoreClockUpdate:00000000000000ec $d

NO UNDEFINED SYMBOLS
